<?xml version="1.0" encoding="UTF-8"?>
<testsuite xmlns:xsi="http://www.w3.org/2001/XMLSchema-instance" xsi:noNamespaceSchemaLocation="https://maven.apache.org/surefire/maven-surefire-plugin/xsd/surefire-test-report-3.0.xsd" version="3.0" name="RunCucumberTest" time="5.822" tests="22" errors="0" skipped="0" failures="0">
  <properties>
[...]
</properties>
  <testcase name="Red moves the General within the palace (Legal)" classname="Chinese Chess (象棋) Rules" time="1.434">
    <system-out><![CDATA[
@General
Scenario: Red moves the General within the palace (Legal)     &amp#27;[90m# features/ChineseChess.feature:16&amp#27;[0m
  &amp#27;[32mGiven &amp#27;[0m&amp#27;[32mthe board is empty except for a &amp#27;[0m&amp#27;[32m&amp#27;[1mRed&amp#27;[0m&amp#27;[32m &amp#27;[0m&amp#27;[32m&amp#27;[1mGeneral&amp#27;[0m&amp#27;[32m at (&amp#27;[0m&amp#27;[32m&amp#27;[1m1&amp#27;[0m&amp#27;[32m, &amp#27;[0m&amp#27;[32m&amp#27;[1m5&amp#27;[0m&amp#27;[32m)&amp#27;[0m &amp#27;[90m# steps.ChineseChessSteps.the_board_is_empty_except_for_a_piece(java.lang.String,java.lang.String,int,int)&amp#27;[0m
  &amp#27;[32mWhen &amp#27;[0m&amp#27;[32m&amp#27;[0m&amp#27;[32m&amp#27;[1mRed&amp#27;[0m&amp#27;[32m moves the &amp#27;[0m&amp#27;[32m&amp#27;[1mGeneral&amp#27;[0m&amp#27;[32m from (&amp#27;[0m&amp#27;[32m&amp#27;[1m1&amp#27;[0m&amp#27;[32m, &amp#27;[0m&amp#27;[32m&amp#27;[1m5&amp#27;[0m&amp#27;[32m) to (&amp#27;[0m&amp#27;[32m&amp#27;[1m1&amp#27;[0m&amp#27;[32m, &amp#27;[0m&amp#27;[32m&amp#27;[1m4&amp#27;[0m&amp#27;[32m)&amp#27;[0m            &amp#27;[90m# steps.ChineseChessSteps.side_moves_piece(java.lang.String,java.lang.String,int,int,int,int)&amp#27;[0m
  &amp#27;[32mThen &amp#27;[0m&amp#27;[32mthe move is legal&amp#27;[0m                                      &amp#27;[90m# steps.ChineseChessSteps.the_move_is_legal()&amp#27;[0m
]]></system-out>
  </testcase>
  <testcase name="Red moves the General outside the palace (Illegal)" classname="Chinese Chess (象棋) Rules" time="0.143">
    <system-out><![CDATA[
@General
Scenario: Red moves the General outside the palace (Illegal)  &amp#27;[90m# features/ChineseChess.feature:22&amp#27;[0m
  &amp#27;[32mGiven &amp#27;[0m&amp#27;[32mthe board is empty except for a &amp#27;[0m&amp#27;[32m&amp#27;[1mRed&amp#27;[0m&amp#27;[32m &amp#27;[0m&amp#27;[32m&amp#27;[1mGeneral&amp#27;[0m&amp#27;[32m at (&amp#27;[0m&amp#27;[32m&amp#27;[1m1&amp#27;[0m&amp#27;[32m, &amp#27;[0m&amp#27;[32m&amp#27;[1m6&amp#27;[0m&amp#27;[32m)&amp#27;[0m &amp#27;[90m# steps.ChineseChessSteps.the_board_is_empty_except_for_a_piece(java.lang.String,java.lang.String,int,int)&amp#27;[0m
  &amp#27;[32mWhen &amp#27;[0m&amp#27;[32m&amp#27;[0m&amp#27;[32m&amp#27;[1mRed&amp#27;[0m&amp#27;[32m moves the &amp#27;[0m&amp#27;[32m&amp#27;[1mGeneral&amp#27;[0m&amp#27;[32m from (&amp#27;[0m&amp#27;[32m&amp#27;[1m1&amp#27;[0m&amp#27;[32m, &amp#27;[0m&amp#27;[32m&amp#27;[1m6&amp#27;[0m&amp#27;[32m) to (&amp#27;[0m&amp#27;[32m&amp#27;[1m1&amp#27;[0m&amp#27;[32m, &amp#27;[0m&amp#27;[32m&amp#27;[1m7&amp#27;[0m&amp#27;[32m)&amp#27;[0m            &amp#27;[90m# steps.ChineseChessSteps.side_moves_piece(java.lang.String,java.lang.String,int,int,int,int)&amp#27;[0m
  &amp#27;[32mThen &amp#27;[0m&amp#27;[32mthe move is illegal&amp#27;[0m                                    &amp#27;[90m# steps.ChineseChessSteps.the_move_is_illegal()&amp#27;[0m
]]></system-out>
  </testcase>
  <testcase name="Generals face each other on the same file (Illegal)" classname="Chinese Chess (象棋) Rules" time="0.122">
    <system-out><![CDATA[
@General
Scenario: Generals face each other on the same file (Illegal) &amp#27;[90m# features/ChineseChess.feature:28&amp#27;[0m
  &amp#27;[32mGiven &amp#27;[0m&amp#27;[32mthe board has:&amp#27;[0m                                        &amp#27;[90m# steps.ChineseChessSteps.the_board_has(io.cucumber.datatable.DataTable)&amp#27;[0m
    | Piece         | Position |
    | Red General   | (2, 4)   |
    | Black General | (8, 5)   |
  &amp#27;[32mWhen &amp#27;[0m&amp#27;[32m&amp#27;[0m&amp#27;[32m&amp#27;[1mRed&amp#27;[0m&amp#27;[32m moves the &amp#27;[0m&amp#27;[32m&amp#27;[1mGeneral&amp#27;[0m&amp#27;[32m from (&amp#27;[0m&amp#27;[32m&amp#27;[1m2&amp#27;[0m&amp#27;[32m, &amp#27;[0m&amp#27;[32m&amp#27;[1m4&amp#27;[0m&amp#27;[32m) to (&amp#27;[0m&amp#27;[32m&amp#27;[1m2&amp#27;[0m&amp#27;[32m, &amp#27;[0m&amp#27;[32m&amp#27;[1m5&amp#27;[0m&amp#27;[32m)&amp#27;[0m            &amp#27;[90m# steps.ChineseChessSteps.side_moves_piece(java.lang.String,java.lang.String,int,int,int,int)&amp#27;[0m
  &amp#27;[32mThen &amp#27;[0m&amp#27;[32mthe move is illegal&amp#27;[0m                                    &amp#27;[90m# steps.ChineseChessSteps.the_move_is_illegal()&amp#27;[0m
]]></system-out>
  </testcase>
  <testcase name="Red moves the Guard diagonally in the palace (Legal)" classname="Chinese Chess (象棋) Rules" time="0.028">
    <system-out><![CDATA[
@Guard
Scenario: Red moves the Guard diagonally in the palace (Legal) &amp#27;[90m# features/ChineseChess.feature:40&amp#27;[0m
  &amp#27;[32mGiven &amp#27;[0m&amp#27;[32mthe board is empty except for a &amp#27;[0m&amp#27;[32m&amp#27;[1mRed&amp#27;[0m&amp#27;[32m &amp#27;[0m&amp#27;[32m&amp#27;[1mGuard&amp#27;[0m&amp#27;[32m at (&amp#27;[0m&amp#27;[32m&amp#27;[1m1&amp#27;[0m&amp#27;[32m, &amp#27;[0m&amp#27;[32m&amp#27;[1m4&amp#27;[0m&amp#27;[32m)&amp#27;[0m    &amp#27;[90m# steps.ChineseChessSteps.the_board_is_empty_except_for_a_piece(java.lang.String,java.lang.String,int,int)&amp#27;[0m
  &amp#27;[32mWhen &amp#27;[0m&amp#27;[32m&amp#27;[0m&amp#27;[32m&amp#27;[1mRed&amp#27;[0m&amp#27;[32m moves the &amp#27;[0m&amp#27;[32m&amp#27;[1mGuard&amp#27;[0m&amp#27;[32m from (&amp#27;[0m&amp#27;[32m&amp#27;[1m1&amp#27;[0m&amp#27;[32m, &amp#27;[0m&amp#27;[32m&amp#27;[1m4&amp#27;[0m&amp#27;[32m) to (&amp#27;[0m&amp#27;[32m&amp#27;[1m2&amp#27;[0m&amp#27;[32m, &amp#27;[0m&amp#27;[32m&amp#27;[1m5&amp#27;[0m&amp#27;[32m)&amp#27;[0m               &amp#27;[90m# steps.ChineseChessSteps.side_moves_piece(java.lang.String,java.lang.String,int,int,int,int)&amp#27;[0m
  &amp#27;[32mThen &amp#27;[0m&amp#27;[32mthe move is legal&amp#27;[0m                                       &amp#27;[90m# steps.ChineseChessSteps.the_move_is_legal()&amp#27;[0m
]]></system-out>
  </testcase>
  <testcase name="Red moves the Guard straight (Illegal)" classname="Chinese Chess (象棋) Rules" time="0.011">
    <system-out><![CDATA[
@Guard
Scenario: Red moves the Guard straight (Illegal)            &amp#27;[90m# features/ChineseChess.feature:46&amp#27;[0m
  &amp#27;[32mGiven &amp#27;[0m&amp#27;[32mthe board is empty except for a &amp#27;[0m&amp#27;[32m&amp#27;[1mRed&amp#27;[0m&amp#27;[32m &amp#27;[0m&amp#27;[32m&amp#27;[1mGuard&amp#27;[0m&amp#27;[32m at (&amp#27;[0m&amp#27;[32m&amp#27;[1m2&amp#27;[0m&amp#27;[32m, &amp#27;[0m&amp#27;[32m&amp#27;[1m5&amp#27;[0m&amp#27;[32m)&amp#27;[0m &amp#27;[90m# steps.ChineseChessSteps.the_board_is_empty_except_for_a_piece(java.lang.String,java.lang.String,int,int)&amp#27;[0m
  &amp#27;[32mWhen &amp#27;[0m&amp#27;[32m&amp#27;[0m&amp#27;[32m&amp#27;[1mRed&amp#27;[0m&amp#27;[32m moves the &amp#27;[0m&amp#27;[32m&amp#27;[1mGuard&amp#27;[0m&amp#27;[32m from (&amp#27;[0m&amp#27;[32m&amp#27;[1m2&amp#27;[0m&amp#27;[32m, &amp#27;[0m&amp#27;[32m&amp#27;[1m5&amp#27;[0m&amp#27;[32m) to (&amp#27;[0m&amp#27;[32m&amp#27;[1m2&amp#27;[0m&amp#27;[32m, &amp#27;[0m&amp#27;[32m&amp#27;[1m6&amp#27;[0m&amp#27;[32m)&amp#27;[0m            &amp#27;[90m# steps.ChineseChessSteps.side_moves_piece(java.lang.String,java.lang.String,int,int,int,int)&amp#27;[0m
  &amp#27;[32mThen &amp#27;[0m&amp#27;[32mthe move is illegal&amp#27;[0m                                  &amp#27;[90m# steps.ChineseChessSteps.the_move_is_illegal()&amp#27;[0m
]]></system-out>
  </testcase>
  <testcase name="Red moves the Rook along a clear rank (Legal)" classname="Chinese Chess (象棋) Rules" time="0.172">
    <system-out><![CDATA[
@Rook
Scenario: Red moves the Rook along a clear rank (Legal)    &amp#27;[90m# features/ChineseChess.feature:55&amp#27;[0m
  &amp#27;[32mGiven &amp#27;[0m&amp#27;[32mthe board is empty except for a &amp#27;[0m&amp#27;[32m&amp#27;[1mRed&amp#27;[0m&amp#27;[32m &amp#27;[0m&amp#27;[32m&amp#27;[1mRook&amp#27;[0m&amp#27;[32m at (&amp#27;[0m&amp#27;[32m&amp#27;[1m4&amp#27;[0m&amp#27;[32m, &amp#27;[0m&amp#27;[32m&amp#27;[1m1&amp#27;[0m&amp#27;[32m)&amp#27;[0m &amp#27;[90m# steps.ChineseChessSteps.the_board_is_empty_except_for_a_piece(java.lang.String,java.lang.String,int,int)&amp#27;[0m
  &amp#27;[32mWhen &amp#27;[0m&amp#27;[32m&amp#27;[0m&amp#27;[32m&amp#27;[1mRed&amp#27;[0m&amp#27;[32m moves the &amp#27;[0m&amp#27;[32m&amp#27;[1mRook&amp#27;[0m&amp#27;[32m from (&amp#27;[0m&amp#27;[32m&amp#27;[1m4&amp#27;[0m&amp#27;[32m, &amp#27;[0m&amp#27;[32m&amp#27;[1m1&amp#27;[0m&amp#27;[32m) to (&amp#27;[0m&amp#27;[32m&amp#27;[1m4&amp#27;[0m&amp#27;[32m, &amp#27;[0m&amp#27;[32m&amp#27;[1m9&amp#27;[0m&amp#27;[32m)&amp#27;[0m            &amp#27;[90m# steps.ChineseChessSteps.side_moves_piece(java.lang.String,java.lang.String,int,int,int,int)&amp#27;[0m
  &amp#27;[32mThen &amp#27;[0m&amp#27;[32mthe move is legal&amp#27;[0m                                   &amp#27;[90m# steps.ChineseChessSteps.the_move_is_legal()&amp#27;[0m
]]></system-out>
  </testcase>
  <testcase name="Red moves the Rook and attempts to jump over a piece (Illegal)" classname="Chinese Chess (象棋) Rules" time="0.089">
    <system-out><![CDATA[
@Rook
Scenario: Red moves the Rook and attempts to jump over a piece (Illegal) &amp#27;[90m# features/ChineseChess.feature:61&amp#27;[0m
  &amp#27;[32mGiven &amp#27;[0m&amp#27;[32mthe board has:&amp#27;[0m                                                   &amp#27;[90m# steps.ChineseChessSteps.the_board_has(io.cucumber.datatable.DataTable)&amp#27;[0m
    | Piece         | Position |
    | Red Rook      | (4, 1)   |
    | Black Soldier | (4, 5)   |
  &amp#27;[32mWhen &amp#27;[0m&amp#27;[32m&amp#27;[0m&amp#27;[32m&amp#27;[1mRed&amp#27;[0m&amp#27;[32m moves the &amp#27;[0m&amp#27;[32m&amp#27;[1mRook&amp#27;[0m&amp#27;[32m from (&amp#27;[0m&amp#27;[32m&amp#27;[1m4&amp#27;[0m&amp#27;[32m, &amp#27;[0m&amp#27;[32m&amp#27;[1m1&amp#27;[0m&amp#27;[32m) to (&amp#27;[0m&amp#27;[32m&amp#27;[1m4&amp#27;[0m&amp#27;[32m, &amp#27;[0m&amp#27;[32m&amp#27;[1m9&amp#27;[0m&amp#27;[32m)&amp#27;[0m                          &amp#27;[90m# steps.ChineseChessSteps.side_moves_piece(java.lang.String,java.lang.String,int,int,int,int)&amp#27;[0m
  &amp#27;[32mThen &amp#27;[0m&amp#27;[32mthe move is illegal&amp#27;[0m                                               &amp#27;[90m# steps.ChineseChessSteps.the_move_is_illegal()&amp#27;[0m
]]></system-out>
  </testcase>
  <testcase name="Red moves the Horse in an “L” shape with no block (Legal)" classname="Chinese Chess (象棋) Rules" time="0.015">
    <system-out><![CDATA[
@Horse
Scenario: Red moves the Horse in an ��� shape with no block (Legal) &amp#27;[90m# features/ChineseChess.feature:73&amp#27;[0m
  &amp#27;[32mGiven &amp#27;[0m&amp#27;[32mthe board is empty except for a &amp#27;[0m&amp#27;[32m&amp#27;[1mRed&amp#27;[0m&amp#27;[32m &amp#27;[0m&amp#27;[32m&amp#27;[1mHorse&amp#27;[0m&amp#27;[32m at (&amp#27;[0m&amp#27;[32m&amp#27;[1m3&amp#27;[0m&amp#27;[32m, &amp#27;[0m&amp#27;[32m&amp#27;[1m3&amp#27;[0m&amp#27;[32m)&amp#27;[0m         &amp#27;[90m# steps.ChineseChessSteps.the_board_is_empty_except_for_a_piece(java.lang.String,java.lang.String,int,int)&amp#27;[0m
  &amp#27;[32mWhen &amp#27;[0m&amp#27;[32m&amp#27;[0m&amp#27;[32m&amp#27;[1mRed&amp#27;[0m&amp#27;[32m moves the &amp#27;[0m&amp#27;[32m&amp#27;[1mHorse&amp#27;[0m&amp#27;[32m from (&amp#27;[0m&amp#27;[32m&amp#27;[1m3&amp#27;[0m&amp#27;[32m, &amp#27;[0m&amp#27;[32m&amp#27;[1m3&amp#27;[0m&amp#27;[32m) to (&amp#27;[0m&amp#27;[32m&amp#27;[1m5&amp#27;[0m&amp#27;[32m, &amp#27;[0m&amp#27;[32m&amp#27;[1m4&amp#27;[0m&amp#27;[32m)&amp#27;[0m                    &amp#27;[90m# steps.ChineseChessSteps.side_moves_piece(java.lang.String,java.lang.String,int,int,int,int)&amp#27;[0m
  &amp#27;[32mThen &amp#27;[0m&amp#27;[32mthe move is legal&amp#27;[0m                                            &amp#27;[90m# steps.ChineseChessSteps.the_move_is_legal()&amp#27;[0m
]]></system-out>
  </testcase>
  <testcase name="Red moves the Horse and it is blocked by an adjacent piece (Illegal)" classname="Chinese Chess (象棋) Rules" time="0.014">
    <system-out><![CDATA[
@Horse
Scenario: Red moves the Horse and it is blocked by an adjacent piece (Illegal) &amp#27;[90m# features/ChineseChess.feature:79&amp#27;[0m
  &amp#27;[32mGiven &amp#27;[0m&amp#27;[32mthe board has:&amp#27;[0m                                                         &amp#27;[90m# steps.ChineseChessSteps.the_board_has(io.cucumber.datatable.DataTable)&amp#27;[0m
    | Piece      | Position |
    | Red Horse  | (3, 3)   |
    | Black Rook | (4, 3)   |
  &amp#27;[32mWhen &amp#27;[0m&amp#27;[32m&amp#27;[0m&amp#27;[32m&amp#27;[1mRed&amp#27;[0m&amp#27;[32m moves the &amp#27;[0m&amp#27;[32m&amp#27;[1mHorse&amp#27;[0m&amp#27;[32m from (&amp#27;[0m&amp#27;[32m&amp#27;[1m3&amp#27;[0m&amp#27;[32m, &amp#27;[0m&amp#27;[32m&amp#27;[1m3&amp#27;[0m&amp#27;[32m) to (&amp#27;[0m&amp#27;[32m&amp#27;[1m5&amp#27;[0m&amp#27;[32m, &amp#27;[0m&amp#27;[32m&amp#27;[1m4&amp#27;[0m&amp#27;[32m)&amp#27;[0m                               &amp#27;[90m# steps.ChineseChessSteps.side_moves_piece(java.lang.String,java.lang.String,int,int,int,int)&amp#27;[0m
  &amp#27;[32mThen &amp#27;[0m&amp#27;[32mthe move is illegal&amp#27;[0m                                                     &amp#27;[90m# steps.ChineseChessSteps.the_move_is_illegal()&amp#27;[0m
]]></system-out>
  </testcase>
  <testcase name="Red moves the Cannon like a Rook with an empty path (Legal)" classname="Chinese Chess (象棋) Rules" time="0.013">
    <system-out><![CDATA[
@Cannon
Scenario: Red moves the Cannon like a Rook with an empty path (Legal) &amp#27;[90m# features/ChineseChess.feature:92&amp#27;[0m
  &amp#27;[32mGiven &amp#27;[0m&amp#27;[32mthe board is empty except for a &amp#27;[0m&amp#27;[32m&amp#27;[1mRed&amp#27;[0m&amp#27;[32m &amp#27;[0m&amp#27;[32m&amp#27;[1mCannon&amp#27;[0m&amp#27;[32m at (&amp#27;[0m&amp#27;[32m&amp#27;[1m6&amp#27;[0m&amp#27;[32m, &amp#27;[0m&amp#27;[32m&amp#27;[1m2&amp#27;[0m&amp#27;[32m)&amp#27;[0m          &amp#27;[90m# steps.ChineseChessSteps.the_board_is_empty_except_for_a_piece(java.lang.String,java.lang.String,int,int)&amp#27;[0m
  &amp#27;[32mWhen &amp#27;[0m&amp#27;[32m&amp#27;[0m&amp#27;[32m&amp#27;[1mRed&amp#27;[0m&amp#27;[32m moves the &amp#27;[0m&amp#27;[32m&amp#27;[1mCannon&amp#27;[0m&amp#27;[32m from (&amp#27;[0m&amp#27;[32m&amp#27;[1m6&amp#27;[0m&amp#27;[32m, &amp#27;[0m&amp#27;[32m&amp#27;[1m2&amp#27;[0m&amp#27;[32m) to (&amp#27;[0m&amp#27;[32m&amp#27;[1m6&amp#27;[0m&amp#27;[32m, &amp#27;[0m&amp#27;[32m&amp#27;[1m8&amp#27;[0m&amp#27;[32m)&amp#27;[0m                     &amp#27;[90m# steps.ChineseChessSteps.side_moves_piece(java.lang.String,java.lang.String,int,int,int,int)&amp#27;[0m
  &amp#27;[32mThen &amp#27;[0m&amp#27;[32mthe move is legal&amp#27;[0m                                              &amp#27;[90m# steps.ChineseChessSteps.the_move_is_legal()&amp#27;[0m
]]></system-out>
  </testcase>
  <testcase name="Red moves the Cannon and jumps exactly one screen to capture (Legal)" classname="Chinese Chess (象棋) Rules" time="0.014">
    <system-out><![CDATA[
@Cannon
Scenario: Red moves the Cannon and jumps exactly one screen to capture (Legal) &amp#27;[90m# features/ChineseChess.feature:98&amp#27;[0m
  &amp#27;[32mGiven &amp#27;[0m&amp#27;[32mthe board has:&amp#27;[0m                                                         &amp#27;[90m# steps.ChineseChessSteps.the_board_has(io.cucumber.datatable.DataTable)&amp#27;[0m
    | Piece         | Position |
    | Red Cannon    | (6, 2)   |
    | Black Soldier | (6, 5)   |
    | Black Guard   | (6, 8)   |
  &amp#27;[32mWhen &amp#27;[0m&amp#27;[32m&amp#27;[0m&amp#27;[32m&amp#27;[1mRed&amp#27;[0m&amp#27;[32m moves the &amp#27;[0m&amp#27;[32m&amp#27;[1mCannon&amp#27;[0m&amp#27;[32m from (&amp#27;[0m&amp#27;[32m&amp#27;[1m6&amp#27;[0m&amp#27;[32m, &amp#27;[0m&amp#27;[32m&amp#27;[1m2&amp#27;[0m&amp#27;[32m) to (&amp#27;[0m&amp#27;[32m&amp#27;[1m6&amp#27;[0m&amp#27;[32m, &amp#27;[0m&amp#27;[32m&amp#27;[1m8&amp#27;[0m&amp#27;[32m)&amp#27;[0m                              &amp#27;[90m# steps.ChineseChessSteps.side_moves_piece(java.lang.String,java.lang.String,int,int,int,int)&amp#27;[0m
  &amp#27;[32mThen &amp#27;[0m&amp#27;[32mthe move is legal&amp#27;[0m                                                       &amp#27;[90m# steps.ChineseChessSteps.the_move_is_legal()&amp#27;[0m
]]></system-out>
  </testcase>
  <testcase name="Red moves the Cannon and tries to jump with zero screens (Illegal)" classname="Chinese Chess (象棋) Rules" time="0.16">
    <system-out><![CDATA[
@Cannon
Scenario: Red moves the Cannon and tries to jump with zero screens (Illegal) &amp#27;[90m# features/ChineseChess.feature:109&amp#27;[0m
  &amp#27;[32mGiven &amp#27;[0m&amp#27;[32mthe board has:&amp#27;[0m                                                       &amp#27;[90m# steps.ChineseChessSteps.the_board_has(io.cucumber.datatable.DataTable)&amp#27;[0m
    | Piece       | Position |
    | Red Cannon  | (6, 2)   |
    | Black Guard | (6, 8)   |
  &amp#27;[32mWhen &amp#27;[0m&amp#27;[32m&amp#27;[0m&amp#27;[32m&amp#27;[1mRed&amp#27;[0m&amp#27;[32m moves the &amp#27;[0m&amp#27;[32m&amp#27;[1mCannon&amp#27;[0m&amp#27;[32m from (&amp#27;[0m&amp#27;[32m&amp#27;[1m6&amp#27;[0m&amp#27;[32m, &amp#27;[0m&amp#27;[32m&amp#27;[1m2&amp#27;[0m&amp#27;[32m) to (&amp#27;[0m&amp#27;[32m&amp#27;[1m6&amp#27;[0m&amp#27;[32m, &amp#27;[0m&amp#27;[32m&amp#27;[1m8&amp#27;[0m&amp#27;[32m)&amp#27;[0m                            &amp#27;[90m# steps.ChineseChessSteps.side_moves_piece(java.lang.String,java.lang.String,int,int,int,int)&amp#27;[0m
  &amp#27;[32mThen &amp#27;[0m&amp#27;[32mthe move is illegal&amp#27;[0m                                                   &amp#27;[90m# steps.ChineseChessSteps.the_move_is_illegal()&amp#27;[0m
]]></system-out>
  </testcase>
  <testcase name="Red moves the Cannon and tries to jump with more than one screen (Illegal)" classname="Chinese Chess (象棋) Rules" time="0.02">
    <system-out><![CDATA[
@Cannon
Scenario: Red moves the Cannon and tries to jump with more than one screen (Illegal) &amp#27;[90m# features/ChineseChess.feature:118&amp#27;[0m
  &amp#27;[32mGiven &amp#27;[0m&amp#27;[32mthe board has:&amp#27;[0m                                                               &amp#27;[90m# steps.ChineseChessSteps.the_board_has(io.cucumber.datatable.DataTable)&amp#27;[0m
    | Piece         | Position |
    | Red Cannon    | (6, 2)   |
    | Red Soldier   | (6, 4)   |
    | Black Soldier | (6, 5)   |
    | Black Guard   | (6, 8)   |
  &amp#27;[32mWhen &amp#27;[0m&amp#27;[32m&amp#27;[0m&amp#27;[32m&amp#27;[1mRed&amp#27;[0m&amp#27;[32m moves the &amp#27;[0m&amp#27;[32m&amp#27;[1mCannon&amp#27;[0m&amp#27;[32m from (&amp#27;[0m&amp#27;[32m&amp#27;[1m6&amp#27;[0m&amp#27;[32m, &amp#27;[0m&amp#27;[32m&amp#27;[1m2&amp#27;[0m&amp#27;[32m) to (&amp#27;[0m&amp#27;[32m&amp#27;[1m6&amp#27;[0m&amp#27;[32m, &amp#27;[0m&amp#27;[32m&amp#27;[1m8&amp#27;[0m&amp#27;[32m)&amp#27;[0m                                    &amp#27;[90m# steps.ChineseChessSteps.side_moves_piece(java.lang.String,java.lang.String,int,int,int,int)&amp#27;[0m
  &amp#27;[32mThen &amp#27;[0m&amp#27;[32mthe move is illegal&amp#27;[0m                                                           &amp#27;[90m# steps.ChineseChessSteps.the_move_is_illegal()&amp#27;[0m
]]></system-out>
  </testcase>
  <testcase name="Red moves the Elephant 2-step diagonal with a clear midpoint (Legal)" classname="Chinese Chess (象棋) Rules" time="0.015">
    <system-out><![CDATA[
@Elephant
Scenario: Red moves the Elephant 2-step diagonal with a clear midpoint (Legal) &amp#27;[90m# features/ChineseChess.feature:132&amp#27;[0m
  &amp#27;[32mGiven &amp#27;[0m&amp#27;[32mthe board is empty except for a &amp#27;[0m&amp#27;[32m&amp#27;[1mRed&amp#27;[0m&amp#27;[32m &amp#27;[0m&amp#27;[32m&amp#27;[1mElephant&amp#27;[0m&amp#27;[32m at (&amp#27;[0m&amp#27;[32m&amp#27;[1m3&amp#27;[0m&amp#27;[32m, &amp#27;[0m&amp#27;[32m&amp#27;[1m3&amp#27;[0m&amp#27;[32m)&amp#27;[0m                 &amp#27;[90m# steps.ChineseChessSteps.the_board_is_empty_except_for_a_piece(java.lang.String,java.lang.String,int,int)&amp#27;[0m
  &amp#27;[32mWhen &amp#27;[0m&amp#27;[32m&amp#27;[0m&amp#27;[32m&amp#27;[1mRed&amp#27;[0m&amp#27;[32m moves the &amp#27;[0m&amp#27;[32m&amp#27;[1mElephant&amp#27;[0m&amp#27;[32m from (&amp#27;[0m&amp#27;[32m&amp#27;[1m3&amp#27;[0m&amp#27;[32m, &amp#27;[0m&amp#27;[32m&amp#27;[1m3&amp#27;[0m&amp#27;[32m) to (&amp#27;[0m&amp#27;[32m&amp#27;[1m5&amp#27;[0m&amp#27;[32m, &amp#27;[0m&amp#27;[32m&amp#27;[1m5&amp#27;[0m&amp#27;[32m)&amp#27;[0m                            &amp#27;[90m# steps.ChineseChessSteps.side_moves_piece(java.lang.String,java.lang.String,int,int,int,int)&amp#27;[0m
  &amp#27;[32mThen &amp#27;[0m&amp#27;[32mthe move is legal&amp#27;[0m                                                       &amp#27;[90m# steps.ChineseChessSteps.the_move_is_legal()&amp#27;[0m
]]></system-out>
  </testcase>
  <testcase name="Red moves the Elephant and tries to cross the river (Illegal)" classname="Chinese Chess (象棋) Rules" time="0.011">
    <system-out><![CDATA[
@Elephant
Scenario: Red moves the Elephant and tries to cross the river (Illegal) &amp#27;[90m# features/ChineseChess.feature:138&amp#27;[0m
  &amp#27;[32mGiven &amp#27;[0m&amp#27;[32mthe board is empty except for a &amp#27;[0m&amp#27;[32m&amp#27;[1mRed&amp#27;[0m&amp#27;[32m &amp#27;[0m&amp#27;[32m&amp#27;[1mElephant&amp#27;[0m&amp#27;[32m at (&amp#27;[0m&amp#27;[32m&amp#27;[1m5&amp#27;[0m&amp#27;[32m, &amp#27;[0m&amp#27;[32m&amp#27;[1m3&amp#27;[0m&amp#27;[32m)&amp#27;[0m          &amp#27;[90m# steps.ChineseChessSteps.the_board_is_empty_except_for_a_piece(java.lang.String,java.lang.String,int,int)&amp#27;[0m
  &amp#27;[32mWhen &amp#27;[0m&amp#27;[32m&amp#27;[0m&amp#27;[32m&amp#27;[1mRed&amp#27;[0m&amp#27;[32m moves the &amp#27;[0m&amp#27;[32m&amp#27;[1mElephant&amp#27;[0m&amp#27;[32m from (&amp#27;[0m&amp#27;[32m&amp#27;[1m5&amp#27;[0m&amp#27;[32m, &amp#27;[0m&amp#27;[32m&amp#27;[1m3&amp#27;[0m&amp#27;[32m) to (&amp#27;[0m&amp#27;[32m&amp#27;[1m7&amp#27;[0m&amp#27;[32m, &amp#27;[0m&amp#27;[32m&amp#27;[1m5&amp#27;[0m&amp#27;[32m)&amp#27;[0m                     &amp#27;[90m# steps.ChineseChessSteps.side_moves_piece(java.lang.String,java.lang.String,int,int,int,int)&amp#27;[0m
  &amp#27;[32mThen &amp#27;[0m&amp#27;[32mthe move is illegal&amp#27;[0m                                              &amp#27;[90m# steps.ChineseChessSteps.the_move_is_illegal()&amp#27;[0m
]]></system-out>
  </testcase>
  <testcase name="Red moves the Elephant and its midpoint is blocked (Illegal)" classname="Chinese Chess (象棋) Rules" time="0.064">
    <system-out><![CDATA[
@Elephant
Scenario: Red moves the Elephant and its midpoint is blocked (Illegal) &amp#27;[90m# features/ChineseChess.feature:144&amp#27;[0m
  &amp#27;[32mGiven &amp#27;[0m&amp#27;[32mthe board has:&amp#27;[0m                                                 &amp#27;[90m# steps.ChineseChessSteps.the_board_has(io.cucumber.datatable.DataTable)&amp#27;[0m
    | Piece        | Position |
    | Red Elephant | (3, 3)   |
    | Black Rook   | (4, 4)   |
  &amp#27;[32mWhen &amp#27;[0m&amp#27;[32m&amp#27;[0m&amp#27;[32m&amp#27;[1mRed&amp#27;[0m&amp#27;[32m moves the &amp#27;[0m&amp#27;[32m&amp#27;[1mElephant&amp#27;[0m&amp#27;[32m from (&amp#27;[0m&amp#27;[32m&amp#27;[1m3&amp#27;[0m&amp#27;[32m, &amp#27;[0m&amp#27;[32m&amp#27;[1m3&amp#27;[0m&amp#27;[32m) to (&amp#27;[0m&amp#27;[32m&amp#27;[1m5&amp#27;[0m&amp#27;[32m, &amp#27;[0m&amp#27;[32m&amp#27;[1m5&amp#27;[0m&amp#27;[32m)&amp#27;[0m                    &amp#27;[90m# steps.ChineseChessSteps.side_moves_piece(java.lang.String,java.lang.String,int,int,int,int)&amp#27;[0m
  &amp#27;[32mThen &amp#27;[0m&amp#27;[32mthe move is illegal&amp#27;[0m                                             &amp#27;[90m# steps.ChineseChessSteps.the_move_is_illegal()&amp#27;[0m
]]></system-out>
  </testcase>
  <testcase name="Red moves the Soldier forward before crossing the river (Legal)" classname="Chinese Chess (象棋) Rules" time="0.071">
    <system-out><![CDATA[
@Soldier
Scenario: Red moves the Soldier forward before crossing the river (Legal) &amp#27;[90m# features/ChineseChess.feature:157&amp#27;[0m
  &amp#27;[32mGiven &amp#27;[0m&amp#27;[32mthe board is empty except for a &amp#27;[0m&amp#27;[32m&amp#27;[1mRed&amp#27;[0m&amp#27;[32m &amp#27;[0m&amp#27;[32m&amp#27;[1mSoldier&amp#27;[0m&amp#27;[32m at (&amp#27;[0m&amp#27;[32m&amp#27;[1m3&amp#27;[0m&amp#27;[32m, &amp#27;[0m&amp#27;[32m&amp#27;[1m5&amp#27;[0m&amp#27;[32m)&amp#27;[0m             &amp#27;[90m# steps.ChineseChessSteps.the_board_is_empty_except_for_a_piece(java.lang.String,java.lang.String,int,int)&amp#27;[0m
  &amp#27;[32mWhen &amp#27;[0m&amp#27;[32m&amp#27;[0m&amp#27;[32m&amp#27;[1mRed&amp#27;[0m&amp#27;[32m moves the &amp#27;[0m&amp#27;[32m&amp#27;[1mSoldier&amp#27;[0m&amp#27;[32m from (&amp#27;[0m&amp#27;[32m&amp#27;[1m3&amp#27;[0m&amp#27;[32m, &amp#27;[0m&amp#27;[32m&amp#27;[1m5&amp#27;[0m&amp#27;[32m) to (&amp#27;[0m&amp#27;[32m&amp#27;[1m4&amp#27;[0m&amp#27;[32m, &amp#27;[0m&amp#27;[32m&amp#27;[1m5&amp#27;[0m&amp#27;[32m)&amp#27;[0m                        &amp#27;[90m# steps.ChineseChessSteps.side_moves_piece(java.lang.String,java.lang.String,int,int,int,int)&amp#27;[0m
  &amp#27;[32mThen &amp#27;[0m&amp#27;[32mthe move is legal&amp#27;[0m                                                  &amp#27;[90m# steps.ChineseChessSteps.the_move_is_legal()&amp#27;[0m
]]></system-out>
  </testcase>
  <testcase name="Red moves the Soldier and tries to move sideways before crossing (Illegal)" classname="Chinese Chess (象棋) Rules" time="0.033">
    <system-out><![CDATA[
@Soldier
Scenario: Red moves the Soldier and tries to move sideways before crossing (Illegal) &amp#27;[90m# features/ChineseChess.feature:163&amp#27;[0m
  &amp#27;[32mGiven &amp#27;[0m&amp#27;[32mthe board is empty except for a &amp#27;[0m&amp#27;[32m&amp#27;[1mRed&amp#27;[0m&amp#27;[32m &amp#27;[0m&amp#27;[32m&amp#27;[1mSoldier&amp#27;[0m&amp#27;[32m at (&amp#27;[0m&amp#27;[32m&amp#27;[1m3&amp#27;[0m&amp#27;[32m, &amp#27;[0m&amp#27;[32m&amp#27;[1m5&amp#27;[0m&amp#27;[32m)&amp#27;[0m                        &amp#27;[90m# steps.ChineseChessSteps.the_board_is_empty_except_for_a_piece(java.lang.String,java.lang.String,int,int)&amp#27;[0m
  &amp#27;[32mWhen &amp#27;[0m&amp#27;[32m&amp#27;[0m&amp#27;[32m&amp#27;[1mRed&amp#27;[0m&amp#27;[32m moves the &amp#27;[0m&amp#27;[32m&amp#27;[1mSoldier&amp#27;[0m&amp#27;[32m from (&amp#27;[0m&amp#27;[32m&amp#27;[1m3&amp#27;[0m&amp#27;[32m, &amp#27;[0m&amp#27;[32m&amp#27;[1m5&amp#27;[0m&amp#27;[32m) to (&amp#27;[0m&amp#27;[32m&amp#27;[1m3&amp#27;[0m&amp#27;[32m, &amp#27;[0m&amp#27;[32m&amp#27;[1m4&amp#27;[0m&amp#27;[32m)&amp#27;[0m                                   &amp#27;[90m# steps.ChineseChessSteps.side_moves_piece(java.lang.String,java.lang.String,int,int,int,int)&amp#27;[0m
  &amp#27;[32mThen &amp#27;[0m&amp#27;[32mthe move is illegal&amp#27;[0m                                                           &amp#27;[90m# steps.ChineseChessSteps.the_move_is_illegal()&amp#27;[0m
]]></system-out>
  </testcase>
  <testcase name="Red moves the Soldier sideways after crossing the river (Legal)" classname="Chinese Chess (象棋) Rules" time="0.016">
    <system-out><![CDATA[
@Soldier
Scenario: Red moves the Soldier sideways after crossing the river (Legal) &amp#27;[90m# features/ChineseChess.feature:169&amp#27;[0m
  &amp#27;[32mGiven &amp#27;[0m&amp#27;[32mthe board is empty except for a &amp#27;[0m&amp#27;[32m&amp#27;[1mRed&amp#27;[0m&amp#27;[32m &amp#27;[0m&amp#27;[32m&amp#27;[1mSoldier&amp#27;[0m&amp#27;[32m at (&amp#27;[0m&amp#27;[32m&amp#27;[1m6&amp#27;[0m&amp#27;[32m, &amp#27;[0m&amp#27;[32m&amp#27;[1m5&amp#27;[0m&amp#27;[32m)&amp#27;[0m             &amp#27;[90m# steps.ChineseChessSteps.the_board_is_empty_except_for_a_piece(java.lang.String,java.lang.String,int,int)&amp#27;[0m
  &amp#27;[32mWhen &amp#27;[0m&amp#27;[32m&amp#27;[0m&amp#27;[32m&amp#27;[1mRed&amp#27;[0m&amp#27;[32m moves the &amp#27;[0m&amp#27;[32m&amp#27;[1mSoldier&amp#27;[0m&amp#27;[32m from (&amp#27;[0m&amp#27;[32m&amp#27;[1m6&amp#27;[0m&amp#27;[32m, &amp#27;[0m&amp#27;[32m&amp#27;[1m5&amp#27;[0m&amp#27;[32m) to (&amp#27;[0m&amp#27;[32m&amp#27;[1m6&amp#27;[0m&amp#27;[32m, &amp#27;[0m&amp#27;[32m&amp#27;[1m4&amp#27;[0m&amp#27;[32m)&amp#27;[0m                        &amp#27;[90m# steps.ChineseChessSteps.side_moves_piece(java.lang.String,java.lang.String,int,int,int,int)&amp#27;[0m
  &amp#27;[32mThen &amp#27;[0m&amp#27;[32mthe move is legal&amp#27;[0m                                                  &amp#27;[90m# steps.ChineseChessSteps.the_move_is_legal()&amp#27;[0m
]]></system-out>
  </testcase>
  <testcase name="Red moves the Soldier and attempts to move backward after crossing (Illegal)" classname="Chinese Chess (象棋) Rules" time="0.049">
    <system-out><![CDATA[
@Soldier
Scenario: Red moves the Soldier and attempts to move backward after crossing (Illegal) &amp#27;[90m# features/ChineseChess.feature:175&amp#27;[0m
  &amp#27;[32mGiven &amp#27;[0m&amp#27;[32mthe board is empty except for a &amp#27;[0m&amp#27;[32m&amp#27;[1mRed&amp#27;[0m&amp#27;[32m &amp#27;[0m&amp#27;[32m&amp#27;[1mSoldier&amp#27;[0m&amp#27;[32m at (&amp#27;[0m&amp#27;[32m&amp#27;[1m6&amp#27;[0m&amp#27;[32m, &amp#27;[0m&amp#27;[32m&amp#27;[1m5&amp#27;[0m&amp#27;[32m)&amp#27;[0m                          &amp#27;[90m# steps.ChineseChessSteps.the_board_is_empty_except_for_a_piece(java.lang.String,java.lang.String,int,int)&amp#27;[0m
  &amp#27;[32mWhen &amp#27;[0m&amp#27;[32m&amp#27;[0m&amp#27;[32m&amp#27;[1mRed&amp#27;[0m&amp#27;[32m moves the &amp#27;[0m&amp#27;[32m&amp#27;[1mSoldier&amp#27;[0m&amp#27;[32m from (&amp#27;[0m&amp#27;[32m&amp#27;[1m6&amp#27;[0m&amp#27;[32m, &amp#27;[0m&amp#27;[32m&amp#27;[1m5&amp#27;[0m&amp#27;[32m) to (&amp#27;[0m&amp#27;[32m&amp#27;[1m5&amp#27;[0m&amp#27;[32m, &amp#27;[0m&amp#27;[32m&amp#27;[1m5&amp#27;[0m&amp#27;[32m)&amp#27;[0m                                     &amp#27;[90m# steps.ChineseChessSteps.side_moves_piece(java.lang.String,java.lang.String,int,int,int,int)&amp#27;[0m
  &amp#27;[32mThen &amp#27;[0m&amp#27;[32mthe move is illegal&amp#27;[0m                                                             &amp#27;[90m# steps.ChineseChessSteps.the_move_is_illegal()&amp#27;[0m
]]></system-out>
  </testcase>
  <testcase name="Red captures opponent&apos;s General and wins immediately (Legal)" classname="Chinese Chess (象棋) Rules" time="0.025">
    <system-out><![CDATA[
@Winning
Scenario: Red captures opponent's General and wins immediately (Legal) &amp#27;[90m# features/ChineseChess.feature:184&amp#27;[0m
  &amp#27;[32mGiven &amp#27;[0m&amp#27;[32mthe board has:&amp#27;[0m                                                 &amp#27;[90m# steps.ChineseChessSteps.the_board_has(io.cucumber.datatable.DataTable)&amp#27;[0m
    | Piece         | Position |
    | Red Rook      | (5, 5)   |
    | Black General | (5, 8)   |
  &amp#27;[32mWhen &amp#27;[0m&amp#27;[32m&amp#27;[0m&amp#27;[32m&amp#27;[1mRed&amp#27;[0m&amp#27;[32m moves the &amp#27;[0m&amp#27;[32m&amp#27;[1mRook&amp#27;[0m&amp#27;[32m from (&amp#27;[0m&amp#27;[32m&amp#27;[1m5&amp#27;[0m&amp#27;[32m, &amp#27;[0m&amp#27;[32m&amp#27;[1m5&amp#27;[0m&amp#27;[32m) to (&amp#27;[0m&amp#27;[32m&amp#27;[1m5&amp#27;[0m&amp#27;[32m, &amp#27;[0m&amp#27;[32m&amp#27;[1m8&amp#27;[0m&amp#27;[32m)&amp#27;[0m                        &amp#27;[90m# steps.ChineseChessSteps.side_moves_piece(java.lang.String,java.lang.String,int,int,int,int)&amp#27;[0m
  &amp#27;[32mThen &amp#27;[0m&amp#27;[32m&amp#27;[0m&amp#27;[32m&amp#27;[1mRed&amp#27;[0m&amp#27;[32m wins immediately&amp#27;[0m                                            &amp#27;[90m# steps.ChineseChessSteps.side_wins_immediately(java.lang.String)&amp#27;[0m
]]></system-out>
  </testcase>
  <testcase name="Red captures a non-General piece and the game continues (Legal)" classname="Chinese Chess (象棋) Rules" time="0.011">
    <system-out><![CDATA[
@Winning
Scenario: Red captures a non-General piece and the game continues (Legal) &amp#27;[90m# features/ChineseChess.feature:193&amp#27;[0m
  &amp#27;[32mGiven &amp#27;[0m&amp#27;[32mthe board has:&amp#27;[0m                                                    &amp#27;[90m# steps.ChineseChessSteps.the_board_has(io.cucumber.datatable.DataTable)&amp#27;[0m
    | Piece        | Position |
    | Red Rook     | (5, 5)   |
    | Black Cannon | (5, 8)   |
  &amp#27;[32mWhen &amp#27;[0m&amp#27;[32m&amp#27;[0m&amp#27;[32m&amp#27;[1mRed&amp#27;[0m&amp#27;[32m moves the &amp#27;[0m&amp#27;[32m&amp#27;[1mRook&amp#27;[0m&amp#27;[32m from (&amp#27;[0m&amp#27;[32m&amp#27;[1m5&amp#27;[0m&amp#27;[32m, &amp#27;[0m&amp#27;[32m&amp#27;[1m5&amp#27;[0m&amp#27;[32m) to (&amp#27;[0m&amp#27;[32m&amp#27;[1m5&amp#27;[0m&amp#27;[32m, &amp#27;[0m&amp#27;[32m&amp#27;[1m8&amp#27;[0m&amp#27;[32m)&amp#27;[0m                           &amp#27;[90m# steps.ChineseChessSteps.side_moves_piece(java.lang.String,java.lang.String,int,int,int,int)&amp#27;[0m
  &amp#27;[32mThen &amp#27;[0m&amp#27;[32mthe game is not over just from that capture&amp#27;[0m                        &amp#27;[90m# steps.ChineseChessSteps.the_game_is_not_over_just_from_that_capture()&amp#27;[0m
]]></system-out>
  </testcase>
</testsuite>